#
# There is insufficient memory for the Java Runtime Environment to continue.
# Native memory allocation (malloc) failed to allocate 1000256 bytes for Chunk::new
# Possible reasons:
#   The system is out of physical RAM or swap space
#   In 32 bit mode, the process size limit was hit
# Possible solutions:
#   Reduce memory load on the system
#   Increase physical memory or swap space
#   Check if swap backing store is full
#   Use 64 bit Java on a 64 bit OS
#   Decrease Java heap size (-Xmx/-Xms)
#   Decrease number of Java threads
#   Decrease Java thread stack sizes (-Xss)
#   Set larger code cache with -XX:ReservedCodeCacheSize=
# This output file may be truncated or incomplete.
#
#  Out of Memory Error (allocation.cpp:323), pid=3956, tid=11840
#
# JRE version: Java(TM) SE Runtime Environment (7.0_79-b15) (build 1.7.0_79-b15)
# Java VM: Java HotSpot(TM) 64-Bit Server VM (24.79-b02 mixed mode windows-amd64 compressed oops)
# Failed to write core dump. Minidumps are not enabled by default on client versions of Windows
#

---------------  T H R E A D  ---------------

Current thread (0x00000000096de000):  JavaThread "C2 CompilerThread0" daemon [_thread_in_native, id=11840, stack(0x000000000bca0000,0x000000000bda0000)]

Stack: [0x000000000bca0000,0x000000000bda0000]
[error occurred during error reporting (printing stack bounds), id 0xc0000005]


[error occurred during error reporting (printing native stack), id 0xc0000005]


Current CompileTask:
C2:   1040  386             com.android.dx.merge.DexMerger::transformMethods (126 bytes)


---------------  P R O C E S S  ---------------

Java Threads: ( => current thread )
  0x00000000033c4800 JavaThread "Service Thread" daemon [_thread_blocked, id=8340, stack(0x000000000bea0000,0x000000000bfa0000)]
  0x00000000033c4000 JavaThread "C2 CompilerThread1" daemon [_thread_in_native, id=9780, stack(0x000000000bda0000,0x000000000bea0000)]
=>0x00000000096de000 JavaThread "C2 CompilerThread0" daemon [_thread_in_native, id=11840, stack(0x000000000bca0000,0x000000000bda0000)]
  0x00000000033be000 JavaThread "Attach Listener" daemon [_thread_blocked, id=11924, stack(0x000000000bba0000,0x000000000bca0000)]
  0x00000000096dd800 JavaThread "Signal Dispatcher" daemon [_thread_blocked, id=4472, stack(0x000000000baa0000,0x000000000bba0000)]
  0x00000000096d0000 JavaThread "Finalizer" daemon [_thread_blocked, id=3296, stack(0x000000000b5a0000,0x000000000b6a0000)]
  0x00000000096c9800 JavaThread "Reference Handler" daemon [_thread_blocked, id=7140, stack(0x000000000b4a0000,0x000000000b5a0000)]
  0x00000000030cd800 JavaThread "main" [_thread_in_Java, id=8284, stack(0x00000000031d0000,0x00000000032d0000)]

Other Threads:
  0x00000000096c6000 VMThread [stack: 0x000000000b3a0000,0x000000000b4a0000] [id=6328]
  0x00000000033cc000 WatcherThread [stack: 0x000000000bfa0000,0x000000000c0a0000] [id=11876]

VM state:not at safepoint (normal execution)

VM Mutex/Monitor currently owned by a thread: None

Heap
 PSYoungGen      total 38400K, used 5610K [0x00000000eaa80000, 0x00000000ed500000, 0x0000000100000000)
  eden space 33280K, 1% used [0x00000000eaa80000,0x00000000eaafdb78,0x00000000ecb00000)
  from space 5120K, 99% used [0x00000000ed000000,0x00000000ed4fcd80,0x00000000ed500000)
  to   space 5120K, 0% used [0x00000000ecb00000,0x00000000ecb00000,0x00000000ed000000)
 ParOldGen       total 86016K, used 17847K [0x00000000c0000000, 0x00000000c5400000, 0x00000000eaa80000)
  object space 86016K, 20% used [0x00000000c0000000,0x00000000c116dc28,0x00000000c5400000)
 PSPermGen       total 21504K, used 7107K [0x00000000bae00000, 0x00000000bc300000, 0x00000000c0000000)
  object space 21504K, 33% used [0x00000000bae00000,0x00000000bb4f0f58,0x00000000bc300000)

Card table byte_map: [0x0000000006490000,0x00000000066c0000] byte_map_base: 0x0000000005eb9000

Polling page: 0x0000000002fe0000

Code Cache  [0x00000000033d0000, 0x0000000003640000, 0x00000000063d0000)
 total_blobs=651 nmethods=390 adapters=213 free_code_cache=48151Kb largest_free_block=49272512

Compilation events (10 events):
Event: 0.993 Thread 0x00000000033c4000 nmethod 387 0x00000000034c2d10 code [0x00000000034c2e40, 0x00000000034c2e98]
Event: 0.993 Thread 0x00000000033c4000  388             com.android.dx.io.instructions.DecodedInstruction::getOpcodeUnit (6 bytes)
Event: 0.993 Thread 0x00000000033c4000 nmethod 388 0x00000000034c1c90 code [0x00000000034c1dc0, 0x00000000034c1e18]
Event: 0.993 Thread 0x00000000033c4000  389             com.android.dex.ClassData$Method::getMethodIndex (5 bytes)
Event: 0.993 Thread 0x00000000033c4000 nmethod 389 0x00000000034c1a90 code [0x00000000034c1bc0, 0x00000000034c1c18]
Event: 0.993 Thread 0x00000000033c4000  390             com.android.dex.ClassData$Method::getAccessFlags (5 bytes)
Event: 0.994 Thread 0x00000000033c4000 nmethod 390 0x00000000034c1890 code [0x00000000034c19c0, 0x00000000034c1a18]
Event: 0.996 Thread 0x00000000033c4000  391             com.android.dx.io.instructions.DecodedInstruction::getTarget (7 bytes)
Event: 0.997 Thread 0x00000000033c4000 nmethod 391 0x00000000034c1690 code [0x00000000034c17c0, 0x00000000034c1818]
Event: 0.998 Thread 0x00000000033c4000  392             com.android.dex.Dex::readCode (28 bytes)

GC Heap History (4 events):
Event: 0.675 GC heap before
{Heap before GC invocations=1 (full 0):
 PSYoungGen      total 38400K, used 33280K [0x00000000eaa80000, 0x00000000ed500000, 0x0000000100000000)
  eden space 33280K, 100% used [0x00000000eaa80000,0x00000000ecb00000,0x00000000ecb00000)
  from space 5120K, 0% used [0x00000000ed000000,0x00000000ed000000,0x00000000ed500000)
  to   space 5120K, 0% used [0x00000000ecb00000,0x00000000ecb00000,0x00000000ed000000)
 ParOldGen       total 86016K, used 0K [0x00000000c0000000, 0x00000000c5400000, 0x00000000eaa80000)
  object space 86016K, 0% used [0x00000000c0000000,0x00000000c0000000,0x00000000c5400000)
 PSPermGen       total 21504K, used 7039K [0x00000000bae00000, 0x00000000bc300000, 0x00000000c0000000)
  object space 21504K, 32% used [0x00000000bae00000,0x00000000bb4dff30,0x00000000bc300000)
Event: 0.681 GC heap after
Heap after GC invocations=1 (full 0):
 PSYoungGen      total 38400K, used 5115K [0x00000000eaa80000, 0x00000000ed500000, 0x0000000100000000)
  eden space 33280K, 0% used [0x00000000eaa80000,0x00000000eaa80000,0x00000000ecb00000)
  from space 5120K, 99% used [0x00000000ecb00000,0x00000000ecffec38,0x00000000ed000000)
  to   space 5120K, 0% used [0x00000000ed000000,0x00000000ed000000,0x00000000ed500000)
 ParOldGen       total 86016K, used 2723K [0x00000000c0000000, 0x00000000c5400000, 0x00000000eaa80000)
  object space 86016K, 3% used [0x00000000c0000000,0x00000000c02a8d48,0x00000000c5400000)
 PSPermGen       total 21504K, used 7039K [0x00000000bae00000, 0x00000000bc300000, 0x00000000c0000000)
  object space 21504K, 32% used [0x00000000bae00000,0x00000000bb4dff30,0x00000000bc300000)
}
Event: 1.029 GC heap before
{Heap before GC invocations=2 (full 0):
 PSYoungGen      total 38400K, used 38395K [0x00000000eaa80000, 0x00000000ed500000, 0x0000000100000000)
  eden space 33280K, 100% used [0x00000000eaa80000,0x00000000ecb00000,0x00000000ecb00000)
  from space 5120K, 99% used [0x00000000ecb00000,0x00000000ecffec38,0x00000000ed000000)
  to   space 5120K, 0% used [0x00000000ed000000,0x00000000ed000000,0x00000000ed500000)
 ParOldGen       total 86016K, used 2723K [0x00000000c0000000, 0x00000000c5400000, 0x00000000eaa80000)
  object space 86016K, 3% used [0x00000000c0000000,0x00000000c02a8d48,0x00000000c5400000)
 PSPermGen       total 21504K, used 7107K [0x00000000bae00000, 0x00000000bc300000, 0x00000000c0000000)
  object space 21504K, 33% used [0x00000000bae00000,0x00000000bb4f0e48,0x00000000bc300000)
Event: 1.036 GC heap after
Heap after GC invocations=2 (full 0):
 PSYoungGen      total 38400K, used 5107K [0x00000000eaa80000, 0x00000000ed500000, 0x0000000100000000)
  eden space 33280K, 0% used [0x00000000eaa80000,0x00000000eaa80000,0x00000000ecb00000)
  from space 5120K, 99% used [0x00000000ed000000,0x00000000ed4fcd80,0x00000000ed500000)
  to   space 5120K, 0% used [0x00000000ecb00000,0x00000000ecb00000,0x00000000ed000000)
 ParOldGen       total 86016K, used 17847K [0x00000000c0000000, 0x00000000c5400000, 0x00000000eaa80000)
  object space 86016K, 20% used [0x00000000c0000000,0x00000000c116dc28,0x00000000c5400000)
 PSPermGen       total 21504K, used 7107K [0x00000000bae00000, 0x00000000bc300000, 0x00000000c0000000)
  object space 21504K, 33% used [0x00000000bae00000,0x00000000bb4f0e48,0x00000000bc300000)
}

Deoptimization events (7 events):
Event: 0.345 Thread 0x000000000b7f0000 Uncommon trap: reason=null_check action=make_not_entrant pc=0x000000000345952c method=com.android.dx.rop.code.LocalItem.equals(Ljava/lang/Object;)Z @ 1
Event: 0.530 Thread 0x00000000030cd800 Uncommon trap: reason=predicate action=maybe_recompile pc=0x0000000003473864 method=com.android.dex.Leb128.writeUnsignedLeb128(Lcom/android/dex/util/ByteOutput;I)V @ 9
Event: 0.639 Thread 0x00000000030cd800 Uncommon trap: reason=class_check action=maybe_recompile pc=0x000000000347e720 method=com.android.dex.Leb128.readUnsignedLeb128(Lcom/android/dex/util/ByteInput;)I @ 5
Event: 0.639 Thread 0x00000000030cd800 Uncommon trap: reason=class_check action=maybe_recompile pc=0x000000000347e720 method=com.android.dex.Leb128.readUnsignedLeb128(Lcom/android/dex/util/ByteInput;)I @ 5
Event: 0.639 Thread 0x00000000030cd800 Uncommon trap: reason=class_check action=maybe_recompile pc=0x000000000347e720 method=com.android.dex.Leb128.readUnsignedLeb128(Lcom/android/dex/util/ByteInput;)I @ 5
Event: 0.639 Thread 0x00000000030cd800 Uncommon trap: reason=class_check action=maybe_recompile pc=0x000000000347e720 method=com.android.dex.Leb128.readUnsignedLeb128(Lcom/android/dex/util/ByteInput;)I @ 5
Event: 0.787 Thread 0x00000000030cd800 Uncommon trap: reason=predicate action=maybe_recompile pc=0x0000000003488c94 method=com.android.dex.Leb128.readUnsignedLeb128(Lcom/android/dex/util/ByteInput;)I @ 41

Internal exceptions (10 events):
Event: 0.546 Thread 0x00000000030cd800 Threw 0x00000000ec752108 at C:\re\jdk7u79\2331\hotspot\src\share\vm\prims\jvm.cpp:1304
Event: 0.547 Thread 0x00000000030cd800 Threw 0x00000000ec755178 at C:\re\jdk7u79\2331\hotspot\src\share\vm\prims\jvm.cpp:1304
Event: 0.547 Thread 0x00000000030cd800 Threw 0x00000000ec758600 at C:\re\jdk7u79\2331\hotspot\src\share\vm\prims\jvm.cpp:1304
Event: 0.550 Thread 0x00000000030cd800 Threw 0x00000000ec75fb30 at C:\re\jdk7u79\2331\hotspot\src\share\vm\prims\jvm.cpp:1304
Event: 0.550 Thread 0x00000000030cd800 Threw 0x00000000ec761d40 at C:\re\jdk7u79\2331\hotspot\src\share\vm\prims\jvm.cpp:1304
Event: 0.578 Thread 0x00000000030cd800 Threw 0x00000000ec8006b8 at C:\re\jdk7u79\2331\hotspot\src\share\vm\prims\jvm.cpp:1304
Event: 0.578 Thread 0x00000000030cd800 Threw 0x00000000ec8007e0 at C:\re\jdk7u79\2331\hotspot\src\share\vm\prims\jvm.cpp:1304
Event: 0.578 Thread 0x00000000030cd800 Threw 0x00000000ec804830 at C:\re\jdk7u79\2331\hotspot\src\share\vm\prims\jvm.cpp:1304
Event: 0.578 Thread 0x00000000030cd800 Threw 0x00000000ec804958 at C:\re\jdk7u79\2331\hotspot\src\share\vm\prims\jvm.cpp:1304
Event: 0.863 Thread 0x00000000030cd800 Threw 0x00000000eb4e0938 at C:\re\jdk7u79\2331\hotspot\src\share\vm\prims\jvm.cpp:1304

Events (10 events):
Event: 0.639 Thread 0x00000000030cd800 DEOPT UNPACKING pc=0x00000000034075a4 sp=0x00000000032ceb20 mode 2
Event: 0.675 Executing VM operation: ParallelGCFailedAllocation
Event: 0.681 Executing VM operation: ParallelGCFailedAllocation done
Event: 0.787 Thread 0x00000000030cd800 Uncommon trap: trap_request=0xffffff86 fr.pc=0x0000000003488c94
Event: 0.787 Thread 0x00000000030cd800 DEOPT PACKING pc=0x0000000003488c94 sp=0x00000000032cec60
Event: 0.787 Thread 0x00000000030cd800 DEOPT UNPACKING pc=0x00000000034075a4 sp=0x00000000032cec08 mode 2
Event: 0.863 loading class 0x000000000b995cd0
Event: 0.863 loading class 0x000000000b995cd0 done
Event: 1.029 Executing VM operation: ParallelGCFailedAllocation
Event: 1.036 Executing VM operation: ParallelGCFailedAllocation done


Dynamic libraries:
0x00007ff710520000 - 0x00007ff710553000 	C:\Program Files\Java\jdk1.7.0_79\bin\java.exe
0x00007ffe97f00000 - 0x00007ffe980c1000 	C:\WINDOWS\SYSTEM32\ntdll.dll
0x00007ffe95920000 - 0x00007ffe959cd000 	C:\WINDOWS\system32\KERNEL32.DLL
0x00007ffe94a80000 - 0x00007ffe94c5d000 	C:\WINDOWS\system32\KERNELBASE.dll
0x00007ffe976c0000 - 0x00007ffe97766000 	C:\WINDOWS\system32\ADVAPI32.dll
0x00007ffe97620000 - 0x00007ffe976bd000 	C:\WINDOWS\system32\msvcrt.dll
0x00007ffe97a40000 - 0x00007ffe97a9b000 	C:\WINDOWS\system32\sechost.dll
0x00007ffe97c70000 - 0x00007ffe97d96000 	C:\WINDOWS\system32\RPCRT4.dll
0x00007ffe97770000 - 0x00007ffe978be000 	C:\WINDOWS\system32\USER32.dll
0x00007ffe970f0000 - 0x00007ffe97276000 	C:\WINDOWS\system32\GDI32.dll
0x00007ffe8fcf0000 - 0x00007ffe8ff64000 	C:\WINDOWS\WinSxS\amd64_microsoft.windows.common-controls_6595b64144ccf1df_6.0.10240.16384_none_f41f7b285750ef43\COMCTL32.dll
0x00007ffe958e0000 - 0x00007ffe95916000 	C:\WINDOWS\system32\IMM32.DLL
0x00007ffe978e0000 - 0x00007ffe97a3c000 	C:\WINDOWS\system32\MSCTF.dll
0x00007ffe932b0000 - 0x00007ffe932e1000 	C:\Windows\system32\nvinitx.dll
0x00007ffe932a0000 - 0x00007ffe932aa000 	C:\WINDOWS\SYSTEM32\VERSION.dll
0x000000005bfd0000 - 0x000000005c0a2000 	C:\Program Files\Java\jdk1.7.0_79\jre\bin\msvcr100.dll
0x0000000059f90000 - 0x000000005a765000 	C:\Program Files\Java\jdk1.7.0_79\jre\bin\server\jvm.dll
0x00007ffe97e10000 - 0x00007ffe97e18000 	C:\WINDOWS\system32\PSAPI.DLL
0x00007ffe8db40000 - 0x00007ffe8db49000 	C:\WINDOWS\SYSTEM32\WSOCK32.dll
0x00007ffe92a60000 - 0x00007ffe92a83000 	C:\WINDOWS\SYSTEM32\WINMM.dll
0x00007ffe97da0000 - 0x00007ffe97e09000 	C:\WINDOWS\system32\WS2_32.dll
0x00007ffe97e20000 - 0x00007ffe97e28000 	C:\WINDOWS\system32\NSI.dll
0x00007ffe92a00000 - 0x00007ffe92a2c000 	C:\WINDOWS\SYSTEM32\WINMMBASE.dll
0x00007ffe95520000 - 0x00007ffe95564000 	C:\WINDOWS\system32\cfgmgr32.dll
0x00007ffe93250000 - 0x00007ffe93277000 	C:\WINDOWS\SYSTEM32\DEVOBJ.dll
0x000000005bfc0000 - 0x000000005bfcf000 	C:\Program Files\Java\jdk1.7.0_79\jre\bin\verify.dll
0x000000005bf90000 - 0x000000005bfb8000 	C:\Program Files\Java\jdk1.7.0_79\jre\bin\java.dll
0x000000005bf70000 - 0x000000005bf85000 	C:\Program Files\Java\jdk1.7.0_79\jre\bin\zip.dll
0x000000005bf50000 - 0x000000005bf6a000 	C:\Program Files\Java\jdk1.7.0_79\jre\bin\net.dll
0x00007ffe941a0000 - 0x00007ffe941fd000 	C:\WINDOWS\system32\mswsock.dll
0x000000005bf30000 - 0x000000005bf41000 	C:\Program Files\Java\jdk1.7.0_79\jre\bin\nio.dll

VM Arguments:
jvm_args: -Xmx1024M -Dfile.encoding=windows-1252 -Duser.country=CA -Duser.language=en -Duser.variant 
java_command: com.android.dx.command.Main --dex --num-threads=4 --output C:\Users\Daniel\AndroidStudioProjects\ReactionBuzz\app\build\intermediates\dex\debug C:\Users\Daniel\AndroidStudioProjects\ReactionBuzz\app\build\intermediates\classes\debug C:\Users\Daniel\AndroidStudioProjects\ReactionBuzz\app\build\intermediates\pre-dexed\debug\support-annotations-23.0.1-874a15b59474e8bcbfc27458d560c8a87fbff9bf.jar C:\Users\Daniel\AndroidStudioProjects\ReactionBuzz\app\build\intermediates\pre-dexed\debug\internal_impl-23.0.1-72a764ac692952b3a6c5760d3ed154e7fefe672b.jar C:\Users\Daniel\AndroidStudioProjects\ReactionBuzz\app\build\intermediates\pre-dexed\debug\classes-5e625dc1cace0fc8c004170a057f1244ecbec96b.jar C:\Users\Daniel\AndroidStudioProjects\ReactionBuzz\app\build\intermediates\pre-dexed\debug\classes-858925d1d5729c86ec618f93cd65569057dded26.jar
Launcher Type: SUN_STANDARD

Environment Variables:
PATH=C:\ProgramData\Oracle\Java\javapath;C:\Program Files (x86)\ActiveState Komodo Edit 8\;C:\Program Files (x86)\Intel\iCLS Client\;C:\Program Files\Intel\iCLS Client\;C:\WINDOWS\system32;C:\WINDOWS;C:\WINDOWS\System32\Wbem;C:\WINDOWS\System32\WindowsPowerShell\v1.0\;C:\Program Files (x86)\Windows Live\Shared;C:\Program Files (x86)\Intel\OpenCL SDK\2.0\bin\x86;C:\Program Files (x86)\Intel\OpenCL SDK\2.0\bin\x64;C:\Program Files\Intel\Intel(R) Management Engine Components\DAL;C:\Program Files\Intel\Intel(R) Management Engine Components\IPT;C:\Program Files (x86)\Intel\Intel(R) Management Engine Components\DAL;C:\Program Files (x86)\Intel\Intel(R) Management Engine Components\IPT;C:\Program Files\Intel\WiFi\bin\;C:\Program Files\Common Files\Intel\WirelessCommon\;C:\Program Files (x86)\NVIDIA Corporation\PhysX\Common;C:\Program Files (x86)\Skype\Phone\
USERNAME=Daniel
OS=Windows_NT
PROCESSOR_IDENTIFIER=Intel64 Family 6 Model 58 Stepping 9, GenuineIntel



---------------  S Y S T E M  ---------------

OS: Windows 8.1 , 64 bit Build 9600 

CPU:total 8 (4 cores per cpu, 2 threads per core) family 6 model 58 stepping 9, cmov, cx8, fxsr, mmx, sse, sse2, sse3, ssse3, sse4.1, sse4.2, popcnt, avx, aes, erms, ht, tsc, tscinvbit, tscinv

Memory: 4k page, physical 8271392k(1670812k free), swap 10341988k(5240k free)

vm_info: Java HotSpot(TM) 64-Bit Server VM (24.79-b02) for windows-amd64 JRE (1.7.0_79-b15), built on Apr 10 2015 12:36:16 by "java_re" with unknown MS VC++:1600

time: Sat Sep 26 18:40:15 2015
elapsed time: 1 seconds

