#
# There is insufficient memory for the Java Runtime Environment to continue.
# Native memory allocation (malloc) failed to allocate 981616 bytes for Chunk::new
# Possible reasons:
#   The system is out of physical RAM or swap space
#   In 32 bit mode, the process size limit was hit
# Possible solutions:
#   Reduce memory load on the system
#   Increase physical memory or swap space
#   Check if swap backing store is full
#   Use 64 bit Java on a 64 bit OS
#   Decrease Java heap size (-Xmx/-Xms)
#   Decrease number of Java threads
#   Decrease Java thread stack sizes (-Xss)
#   Set larger code cache with -XX:ReservedCodeCacheSize=
# This output file may be truncated or incomplete.
#
#  Out of Memory Error (allocation.cpp:323), pid=2276, tid=10648
#
# JRE version: Java(TM) SE Runtime Environment (7.0_79-b15) (build 1.7.0_79-b15)
# Java VM: Java HotSpot(TM) 64-Bit Server VM (24.79-b02 mixed mode windows-amd64 compressed oops)
# Failed to write core dump. Minidumps are not enabled by default on client versions of Windows
#

---------------  T H R E A D  ---------------

Current thread (0x000000000278b800):  JavaThread "C2 CompilerThread1" daemon [_thread_in_native, id=10648, stack(0x000000000b100000,0x000000000b200000)]

Stack: [0x000000000b100000,0x000000000b200000]
[error occurred during error reporting (printing stack bounds), id 0xc0000005]


[error occurred during error reporting (printing native stack), id 0xc0000005]


Current CompileTask:
C2:    973  388             com.android.dx.merge.DexMerger::transformMethods (126 bytes)


---------------  P R O C E S S  ---------------

Java Threads: ( => current thread )
  0x000000000278c000 JavaThread "Service Thread" daemon [_thread_blocked, id=11864, stack(0x000000000b200000,0x000000000b300000)]
=>0x000000000278b800 JavaThread "C2 CompilerThread1" daemon [_thread_in_native, id=10648, stack(0x000000000b100000,0x000000000b200000)]
  0x000000000278a000 JavaThread "C2 CompilerThread0" daemon [_thread_in_native, id=10052, stack(0x000000000b000000,0x000000000b100000)]
  0x0000000002785000 JavaThread "Attach Listener" daemon [_thread_blocked, id=6624, stack(0x000000000af00000,0x000000000b000000)]
  0x0000000002780000 JavaThread "Signal Dispatcher" daemon [_thread_blocked, id=5444, stack(0x000000000ae00000,0x000000000af00000)]
  0x0000000008a20000 JavaThread "Finalizer" daemon [_thread_blocked, id=1072, stack(0x000000000a900000,0x000000000aa00000)]
  0x0000000008a19800 JavaThread "Reference Handler" daemon [_thread_blocked, id=11880, stack(0x000000000a800000,0x000000000a900000)]
  0x000000000256d800 JavaThread "main" [_thread_in_Java, id=11272, stack(0x0000000002590000,0x0000000002690000)]

Other Threads:
  0x0000000008a16000 VMThread [stack: 0x000000000a700000,0x000000000a800000] [id=9488]
  0x000000000aa2f000 WatcherThread [stack: 0x000000000b300000,0x000000000b400000] [id=6028]

VM state:not at safepoint (normal execution)

VM Mutex/Monitor currently owned by a thread: None

Heap
 PSYoungGen      total 38400K, used 35067K [0x00000000eaa80000, 0x00000000ed500000, 0x0000000100000000)
  eden space 33280K, 90% used [0x00000000eaa80000,0x00000000ec7c4c58,0x00000000ecb00000)
  from space 5120K, 99% used [0x00000000ecb00000,0x00000000ecffa1a0,0x00000000ed000000)
  to   space 5120K, 0% used [0x00000000ed000000,0x00000000ed000000,0x00000000ed500000)
 ParOldGen       total 86016K, used 2724K [0x00000000c0000000, 0x00000000c5400000, 0x00000000eaa80000)
  object space 86016K, 3% used [0x00000000c0000000,0x00000000c02a9118,0x00000000c5400000)
 PSPermGen       total 21504K, used 7104K [0x00000000bae00000, 0x00000000bc300000, 0x00000000c0000000)
  object space 21504K, 33% used [0x00000000bae00000,0x00000000bb4f01d8,0x00000000bc300000)

Card table byte_map: [0x0000000005790000,0x00000000059c0000] byte_map_base: 0x00000000051b9000

Polling page: 0x0000000002470000

Code Cache  [0x0000000002790000, 0x0000000002a00000, 0x0000000005790000)
 total_blobs=653 nmethods=392 adapters=213 free_code_cache=48147Kb largest_free_block=49270400

Compilation events (10 events):
Event: 0.968 Thread 0x000000000278a000 nmethod 389 0x0000000002888d50 code [0x0000000002888e80, 0x0000000002888ed8]
Event: 0.968 Thread 0x000000000278a000  390             com.android.dx.io.instructions.DecodedInstruction::getOpcodeUnit (6 bytes)
Event: 0.968 Thread 0x000000000278a000 nmethod 390 0x0000000002888b50 code [0x0000000002888c80, 0x0000000002888cd8]
Event: 0.968 Thread 0x000000000278a000  391             com.android.dex.ClassData$Method::getMethodIndex (5 bytes)
Event: 0.968 Thread 0x000000000278a000 nmethod 391 0x0000000002888950 code [0x0000000002888a80, 0x0000000002888ad8]
Event: 0.969 Thread 0x000000000278a000  392             com.android.dex.ClassData$Method::getAccessFlags (5 bytes)
Event: 0.969 Thread 0x000000000278a000 nmethod 392 0x0000000002888750 code [0x0000000002888880, 0x00000000028888d8]
Event: 0.969 Thread 0x000000000278a000  393             com.android.dx.io.instructions.DecodedInstruction::getTarget (7 bytes)
Event: 0.969 Thread 0x000000000278a000 nmethod 393 0x0000000002888550 code [0x0000000002888680, 0x00000000028886d8]
Event: 0.969 Thread 0x000000000278a000  394             com.android.dex.Dex::readCode (28 bytes)

GC Heap History (2 events):
Event: 0.686 GC heap before
{Heap before GC invocations=1 (full 0):
 PSYoungGen      total 38400K, used 33280K [0x00000000eaa80000, 0x00000000ed500000, 0x0000000100000000)
  eden space 33280K, 100% used [0x00000000eaa80000,0x00000000ecb00000,0x00000000ecb00000)
  from space 5120K, 0% used [0x00000000ed000000,0x00000000ed000000,0x00000000ed500000)
  to   space 5120K, 0% used [0x00000000ecb00000,0x00000000ecb00000,0x00000000ed000000)
 ParOldGen       total 86016K, used 0K [0x00000000c0000000, 0x00000000c5400000, 0x00000000eaa80000)
  object space 86016K, 0% used [0x00000000c0000000,0x00000000c0000000,0x00000000c5400000)
 PSPermGen       total 21504K, used 7049K [0x00000000bae00000, 0x00000000bc300000, 0x00000000c0000000)
  object space 21504K, 32% used [0x00000000bae00000,0x00000000bb4e24e0,0x00000000bc300000)
Event: 0.691 GC heap after
Heap after GC invocations=1 (full 0):
 PSYoungGen      total 38400K, used 5096K [0x00000000eaa80000, 0x00000000ed500000, 0x0000000100000000)
  eden space 33280K, 0% used [0x00000000eaa80000,0x00000000eaa80000,0x00000000ecb00000)
  from space 5120K, 99% used [0x00000000ecb00000,0x00000000ecffa1a0,0x00000000ed000000)
  to   space 5120K, 0% used [0x00000000ed000000,0x00000000ed000000,0x00000000ed500000)
 ParOldGen       total 86016K, used 2724K [0x00000000c0000000, 0x00000000c5400000, 0x00000000eaa80000)
  object space 86016K, 3% used [0x00000000c0000000,0x00000000c02a9118,0x00000000c5400000)
 PSPermGen       total 21504K, used 7049K [0x00000000bae00000, 0x00000000bc300000, 0x00000000c0000000)
  object space 21504K, 32% used [0x00000000bae00000,0x00000000bb4e24e0,0x00000000bc300000)
}

Deoptimization events (6 events):
Event: 0.529 Thread 0x000000000256d800 Uncommon trap: reason=predicate action=maybe_recompile pc=0x0000000002832174 method=com.android.dex.Leb128.writeUnsignedLeb128(Lcom/android/dex/util/ByteOutput;I)V @ 9
Event: 0.632 Thread 0x000000000256d800 Uncommon trap: reason=class_check action=maybe_recompile pc=0x0000000002836f60 method=com.android.dex.Leb128.readUnsignedLeb128(Lcom/android/dex/util/ByteInput;)I @ 5
Event: 0.632 Thread 0x000000000256d800 Uncommon trap: reason=class_check action=maybe_recompile pc=0x0000000002836f60 method=com.android.dex.Leb128.readUnsignedLeb128(Lcom/android/dex/util/ByteInput;)I @ 5
Event: 0.632 Thread 0x000000000256d800 Uncommon trap: reason=class_check action=maybe_recompile pc=0x0000000002836f60 method=com.android.dex.Leb128.readUnsignedLeb128(Lcom/android/dex/util/ByteInput;)I @ 5
Event: 0.632 Thread 0x000000000256d800 Uncommon trap: reason=class_check action=maybe_recompile pc=0x0000000002836f60 method=com.android.dex.Leb128.readUnsignedLeb128(Lcom/android/dex/util/ByteInput;)I @ 5
Event: 0.765 Thread 0x000000000256d800 Uncommon trap: reason=predicate action=maybe_recompile pc=0x0000000002848754 method=com.android.dex.Leb128.readUnsignedLeb128(Lcom/android/dex/util/ByteInput;)I @ 41

Internal exceptions (10 events):
Event: 0.546 Thread 0x000000000256d800 Threw 0x00000000ec6711b8 at C:\re\jdk7u79\2331\hotspot\src\share\vm\prims\jvm.cpp:1304
Event: 0.546 Thread 0x000000000256d800 Threw 0x00000000ec674228 at C:\re\jdk7u79\2331\hotspot\src\share\vm\prims\jvm.cpp:1304
Event: 0.546 Thread 0x000000000256d800 Threw 0x00000000ec6776b0 at C:\re\jdk7u79\2331\hotspot\src\share\vm\prims\jvm.cpp:1304
Event: 0.549 Thread 0x000000000256d800 Threw 0x00000000ec67ebe0 at C:\re\jdk7u79\2331\hotspot\src\share\vm\prims\jvm.cpp:1304
Event: 0.549 Thread 0x000000000256d800 Threw 0x00000000ec680df0 at C:\re\jdk7u79\2331\hotspot\src\share\vm\prims\jvm.cpp:1304
Event: 0.574 Thread 0x000000000256d800 Threw 0x00000000ec71f768 at C:\re\jdk7u79\2331\hotspot\src\share\vm\prims\jvm.cpp:1304
Event: 0.574 Thread 0x000000000256d800 Threw 0x00000000ec71f890 at C:\re\jdk7u79\2331\hotspot\src\share\vm\prims\jvm.cpp:1304
Event: 0.575 Thread 0x000000000256d800 Threw 0x00000000ec7238e0 at C:\re\jdk7u79\2331\hotspot\src\share\vm\prims\jvm.cpp:1304
Event: 0.575 Thread 0x000000000256d800 Threw 0x00000000ec723a08 at C:\re\jdk7u79\2331\hotspot\src\share\vm\prims\jvm.cpp:1304
Event: 0.837 Thread 0x000000000256d800 Threw 0x00000000eb3ff970 at C:\re\jdk7u79\2331\hotspot\src\share\vm\prims\jvm.cpp:1304

Events (10 events):
Event: 0.632 Thread 0x000000000256d800 Uncommon trap: trap_request=0xffffffde fr.pc=0x0000000002836f60
Event: 0.632 Thread 0x000000000256d800 DEOPT PACKING pc=0x0000000002836f60 sp=0x000000000268f0c0
Event: 0.632 Thread 0x000000000256d800 DEOPT UNPACKING pc=0x00000000027c75a4 sp=0x000000000268f060 mode 2
Event: 0.686 Executing VM operation: ParallelGCFailedAllocation
Event: 0.691 Executing VM operation: ParallelGCFailedAllocation done
Event: 0.765 Thread 0x000000000256d800 Uncommon trap: trap_request=0xffffff86 fr.pc=0x0000000002848754
Event: 0.765 Thread 0x000000000256d800 DEOPT PACKING pc=0x0000000002848754 sp=0x000000000268f1a0
Event: 0.765 Thread 0x000000000256d800 DEOPT UNPACKING pc=0x00000000027c75a4 sp=0x000000000268f148 mode 2
Event: 0.837 loading class 0x000000000acf2da0
Event: 0.837 loading class 0x000000000acf2da0 done


Dynamic libraries:
0x00007ff710520000 - 0x00007ff710553000 	C:\Program Files\Java\jdk1.7.0_79\bin\java.exe
0x00007ffe97f00000 - 0x00007ffe980c1000 	C:\WINDOWS\SYSTEM32\ntdll.dll
0x00007ffe95920000 - 0x00007ffe959cd000 	C:\WINDOWS\system32\KERNEL32.DLL
0x00007ffe94a80000 - 0x00007ffe94c5d000 	C:\WINDOWS\system32\KERNELBASE.dll
0x00007ffe976c0000 - 0x00007ffe97766000 	C:\WINDOWS\system32\ADVAPI32.dll
0x00007ffe97620000 - 0x00007ffe976bd000 	C:\WINDOWS\system32\msvcrt.dll
0x00007ffe97a40000 - 0x00007ffe97a9b000 	C:\WINDOWS\system32\sechost.dll
0x00007ffe97c70000 - 0x00007ffe97d96000 	C:\WINDOWS\system32\RPCRT4.dll
0x00007ffe97770000 - 0x00007ffe978be000 	C:\WINDOWS\system32\USER32.dll
0x00007ffe970f0000 - 0x00007ffe97276000 	C:\WINDOWS\system32\GDI32.dll
0x00007ffe8fcf0000 - 0x00007ffe8ff64000 	C:\WINDOWS\WinSxS\amd64_microsoft.windows.common-controls_6595b64144ccf1df_6.0.10240.16384_none_f41f7b285750ef43\COMCTL32.dll
0x00007ffe958e0000 - 0x00007ffe95916000 	C:\WINDOWS\system32\IMM32.DLL
0x00007ffe978e0000 - 0x00007ffe97a3c000 	C:\WINDOWS\system32\MSCTF.dll
0x00007ffe932b0000 - 0x00007ffe932e1000 	C:\Windows\system32\nvinitx.dll
0x00007ffe932a0000 - 0x00007ffe932aa000 	C:\WINDOWS\SYSTEM32\VERSION.dll
0x000000005bfd0000 - 0x000000005c0a2000 	C:\Program Files\Java\jdk1.7.0_79\jre\bin\msvcr100.dll
0x0000000059f90000 - 0x000000005a765000 	C:\Program Files\Java\jdk1.7.0_79\jre\bin\server\jvm.dll
0x00007ffe97e10000 - 0x00007ffe97e18000 	C:\WINDOWS\system32\PSAPI.DLL
0x00007ffe8db40000 - 0x00007ffe8db49000 	C:\WINDOWS\SYSTEM32\WSOCK32.dll
0x00007ffe92a60000 - 0x00007ffe92a83000 	C:\WINDOWS\SYSTEM32\WINMM.dll
0x00007ffe97da0000 - 0x00007ffe97e09000 	C:\WINDOWS\system32\WS2_32.dll
0x00007ffe97e20000 - 0x00007ffe97e28000 	C:\WINDOWS\system32\NSI.dll
0x00007ffe92a00000 - 0x00007ffe92a2c000 	C:\WINDOWS\SYSTEM32\WINMMBASE.dll
0x00007ffe95520000 - 0x00007ffe95564000 	C:\WINDOWS\system32\cfgmgr32.dll
0x00007ffe93250000 - 0x00007ffe93277000 	C:\WINDOWS\SYSTEM32\DEVOBJ.dll
0x000000005bfc0000 - 0x000000005bfcf000 	C:\Program Files\Java\jdk1.7.0_79\jre\bin\verify.dll
0x000000005bf90000 - 0x000000005bfb8000 	C:\Program Files\Java\jdk1.7.0_79\jre\bin\java.dll
0x000000005bf70000 - 0x000000005bf85000 	C:\Program Files\Java\jdk1.7.0_79\jre\bin\zip.dll
0x000000005bf50000 - 0x000000005bf6a000 	C:\Program Files\Java\jdk1.7.0_79\jre\bin\net.dll
0x00007ffe941a0000 - 0x00007ffe941fd000 	C:\WINDOWS\system32\mswsock.dll
0x000000005bf30000 - 0x000000005bf41000 	C:\Program Files\Java\jdk1.7.0_79\jre\bin\nio.dll

VM Arguments:
jvm_args: -Xmx1024M -Dfile.encoding=windows-1252 -Duser.country=CA -Duser.language=en -Duser.variant 
java_command: com.android.dx.command.Main --dex --num-threads=4 --output C:\Users\Daniel\AndroidStudioProjects\ReactionBuzz\app\build\intermediates\dex\debug C:\Users\Daniel\AndroidStudioProjects\ReactionBuzz\app\build\intermediates\classes\debug C:\Users\Daniel\AndroidStudioProjects\ReactionBuzz\app\build\intermediates\pre-dexed\debug\support-annotations-23.0.1-874a15b59474e8bcbfc27458d560c8a87fbff9bf.jar C:\Users\Daniel\AndroidStudioProjects\ReactionBuzz\app\build\intermediates\pre-dexed\debug\internal_impl-23.0.1-72a764ac692952b3a6c5760d3ed154e7fefe672b.jar C:\Users\Daniel\AndroidStudioProjects\ReactionBuzz\app\build\intermediates\pre-dexed\debug\classes-5e625dc1cace0fc8c004170a057f1244ecbec96b.jar C:\Users\Daniel\AndroidStudioProjects\ReactionBuzz\app\build\intermediates\pre-dexed\debug\classes-858925d1d5729c86ec618f93cd65569057dded26.jar
Launcher Type: SUN_STANDARD

Environment Variables:
PATH=C:\ProgramData\Oracle\Java\javapath;C:\Program Files (x86)\ActiveState Komodo Edit 8\;C:\Program Files (x86)\Intel\iCLS Client\;C:\Program Files\Intel\iCLS Client\;C:\WINDOWS\system32;C:\WINDOWS;C:\WINDOWS\System32\Wbem;C:\WINDOWS\System32\WindowsPowerShell\v1.0\;C:\Program Files (x86)\Windows Live\Shared;C:\Program Files (x86)\Intel\OpenCL SDK\2.0\bin\x86;C:\Program Files (x86)\Intel\OpenCL SDK\2.0\bin\x64;C:\Program Files\Intel\Intel(R) Management Engine Components\DAL;C:\Program Files\Intel\Intel(R) Management Engine Components\IPT;C:\Program Files (x86)\Intel\Intel(R) Management Engine Components\DAL;C:\Program Files (x86)\Intel\Intel(R) Management Engine Components\IPT;C:\Program Files\Intel\WiFi\bin\;C:\Program Files\Common Files\Intel\WirelessCommon\;C:\Program Files (x86)\NVIDIA Corporation\PhysX\Common;C:\Program Files (x86)\Skype\Phone\
USERNAME=Daniel
OS=Windows_NT
PROCESSOR_IDENTIFIER=Intel64 Family 6 Model 58 Stepping 9, GenuineIntel



---------------  S Y S T E M  ---------------

OS: Windows 8.1 , 64 bit Build 9600 

CPU:total 8 (4 cores per cpu, 2 threads per core) family 6 model 58 stepping 9, cmov, cx8, fxsr, mmx, sse, sse2, sse3, ssse3, sse4.1, sse4.2, popcnt, avx, aes, erms, ht, tsc, tscinvbit, tscinv

Memory: 4k page, physical 8271392k(1671732k free), swap 10341988k(5148k free)

vm_info: Java HotSpot(TM) 64-Bit Server VM (24.79-b02) for windows-amd64 JRE (1.7.0_79-b15), built on Apr 10 2015 12:36:16 by "java_re" with unknown MS VC++:1600

time: Sat Sep 26 18:39:06 2015
elapsed time: 0 seconds

