#
# There is insufficient memory for the Java Runtime Environment to continue.
# Native memory allocation (malloc) failed to allocate 1048576 bytes for AllocateHeap
# Possible reasons:
#   The system is out of physical RAM or swap space
#   In 32 bit mode, the process size limit was hit
# Possible solutions:
#   Reduce memory load on the system
#   Increase physical memory or swap space
#   Check if swap backing store is full
#   Use 64 bit Java on a 64 bit OS
#   Decrease Java heap size (-Xmx/-Xms)
#   Decrease number of Java threads
#   Decrease Java thread stack sizes (-Xss)
#   Set larger code cache with -XX:ReservedCodeCacheSize=
# This output file may be truncated or incomplete.
#
#  Out of Memory Error (memory/allocation.inline.hpp:61), pid=10844, tid=11780
#
# JRE version:  (7.0_79-b15) (build )
# Java VM: Java HotSpot(TM) 64-Bit Server VM (24.79-b02 mixed mode windows-amd64 compressed oops)
# Failed to write core dump. Minidumps are not enabled by default on client versions of Windows
#

---------------  T H R E A D  ---------------

Current thread (0x0000000002e0d800):  JavaThread "Unknown thread" [_thread_in_vm, id=11780, stack(0x0000000002e40000,0x0000000002f40000)]

Stack: [0x0000000002e40000,0x0000000002f40000]
[error occurred during error reporting (printing stack bounds), id 0xc0000005]


---------------  P R O C E S S  ---------------

Java Threads: ( => current thread )

Other Threads:

=>0x0000000002e0d800 (exited) JavaThread "Unknown thread" [_thread_in_vm, id=11780, stack(0x0000000002e40000,0x0000000002f40000)]

VM state:not at safepoint (normal execution)

VM Mutex/Monitor currently owned by a thread: None

Heap
 PSYoungGen      total 38400K, used 665K [0x00000000eaa80000, 0x00000000ed500000, 0x0000000100000000)
  eden space 33280K, 2% used [0x00000000eaa80000,0x00000000eab266b8,0x00000000ecb00000)
  from space 5120K, 0% used [0x00000000ed000000,0x00000000ed000000,0x00000000ed500000)
  to   space 5120K, 0% used [0x00000000ecb00000,0x00000000ecb00000,0x00000000ed000000)
 ParOldGen       total 86016K, used 0K [0x00000000c0000000, 0x00000000c5400000, 0x00000000eaa80000)
  object space 86016K, 0% used [0x00000000c0000000,0x00000000c0000000,0x00000000c5400000)
 PSPermGen       total 21504K, used 697K [0x00000000bae00000, 0x00000000bc300000, 0x00000000c0000000)
  object space 21504K, 3% used [0x00000000bae00000,0x00000000baeae588,0x00000000bc300000)

Card table byte_map: [0x0000000006100000,0x0000000006330000] byte_map_base: 0x0000000005b29000

Polling page: 0x00000000012c0000

Code Cache  [0x0000000003040000, 0x00000000032b0000, 0x0000000006040000)
 total_blobs=38 nmethods=0 adapters=20 free_code_cache=48889Kb largest_free_block=50062528

Compilation events (0 events):
No events

GC Heap History (0 events):
No events

Deoptimization events (0 events):
No events

Internal exceptions (0 events):
No events

Events (10 events):
Event: 0.015 loading class 0x0000000002f8fe60
Event: 0.015 loading class 0x0000000002f8fe60 done
Event: 0.015 loading class 0x0000000002f8feb0
Event: 0.015 loading class 0x0000000002f8feb0 done
Event: 0.015 loading class 0x0000000002f8ff00
Event: 0.016 loading class 0x0000000002f8ff00 done
Event: 0.016 loading class 0x0000000002f90c80
Event: 0.016 loading class 0x0000000002f90c80 done
Event: 0.016 loading class 0x0000000002f908a0
Event: 0.016 loading class 0x0000000002f908a0 done


Dynamic libraries:
0x00007ff710520000 - 0x00007ff710553000 	C:\Program Files\Java\jdk1.7.0_79\bin\java.exe
0x00007ffe97f00000 - 0x00007ffe980c1000 	C:\WINDOWS\SYSTEM32\ntdll.dll
0x00007ffe95920000 - 0x00007ffe959cd000 	C:\WINDOWS\system32\KERNEL32.DLL
0x00007ffe94a80000 - 0x00007ffe94c5d000 	C:\WINDOWS\system32\KERNELBASE.dll
0x00007ffe976c0000 - 0x00007ffe97766000 	C:\WINDOWS\system32\ADVAPI32.dll
0x00007ffe97620000 - 0x00007ffe976bd000 	C:\WINDOWS\system32\msvcrt.dll
0x00007ffe97a40000 - 0x00007ffe97a9b000 	C:\WINDOWS\system32\sechost.dll
0x00007ffe97c70000 - 0x00007ffe97d96000 	C:\WINDOWS\system32\RPCRT4.dll
0x00007ffe97770000 - 0x00007ffe978be000 	C:\WINDOWS\system32\USER32.dll
0x00007ffe970f0000 - 0x00007ffe97276000 	C:\WINDOWS\system32\GDI32.dll
0x00007ffe8fcf0000 - 0x00007ffe8ff64000 	C:\WINDOWS\WinSxS\amd64_microsoft.windows.common-controls_6595b64144ccf1df_6.0.10240.16384_none_f41f7b285750ef43\COMCTL32.dll
0x00007ffe958e0000 - 0x00007ffe95916000 	C:\WINDOWS\system32\IMM32.DLL
0x00007ffe978e0000 - 0x00007ffe97a3c000 	C:\WINDOWS\system32\MSCTF.dll
0x00007ffe932b0000 - 0x00007ffe932e1000 	C:\Windows\system32\nvinitx.dll
0x00007ffe932a0000 - 0x00007ffe932aa000 	C:\WINDOWS\SYSTEM32\VERSION.dll
0x000000005bfd0000 - 0x000000005c0a2000 	C:\Program Files\Java\jdk1.7.0_79\jre\bin\msvcr100.dll
0x0000000059f90000 - 0x000000005a765000 	C:\Program Files\Java\jdk1.7.0_79\jre\bin\server\jvm.dll
0x00007ffe97e10000 - 0x00007ffe97e18000 	C:\WINDOWS\system32\PSAPI.DLL
0x00007ffe8db40000 - 0x00007ffe8db49000 	C:\WINDOWS\SYSTEM32\WSOCK32.dll
0x00007ffe92a60000 - 0x00007ffe92a83000 	C:\WINDOWS\SYSTEM32\WINMM.dll
0x00007ffe97da0000 - 0x00007ffe97e09000 	C:\WINDOWS\system32\WS2_32.dll
0x00007ffe97e20000 - 0x00007ffe97e28000 	C:\WINDOWS\system32\NSI.dll
0x0000000002dc0000 - 0x0000000002dec000 	C:\WINDOWS\SYSTEM32\WINMMBASE.dll
0x00007ffe95520000 - 0x00007ffe95564000 	C:\WINDOWS\system32\cfgmgr32.dll
0x00007ffe93250000 - 0x00007ffe93277000 	C:\WINDOWS\SYSTEM32\DEVOBJ.dll
0x000000005bfc0000 - 0x000000005bfcf000 	C:\Program Files\Java\jdk1.7.0_79\jre\bin\verify.dll
0x000000005bf90000 - 0x000000005bfb8000 	C:\Program Files\Java\jdk1.7.0_79\jre\bin\java.dll
0x000000005bf70000 - 0x000000005bf85000 	C:\Program Files\Java\jdk1.7.0_79\jre\bin\zip.dll

VM Arguments:
jvm_args: -Xmx1024M -Dfile.encoding=windows-1252 -Duser.country=CA -Duser.language=en -Duser.variant 
java_command: com.android.dx.command.Main --dex --num-threads=4 --output C:\Users\Daniel\AndroidStudioProjects\ReactionBuzz\app\build\intermediates\dex\debug C:\Users\Daniel\AndroidStudioProjects\ReactionBuzz\app\build\intermediates\classes\debug C:\Users\Daniel\AndroidStudioProjects\ReactionBuzz\app\build\intermediates\pre-dexed\debug\support-annotations-23.0.1-874a15b59474e8bcbfc27458d560c8a87fbff9bf.jar C:\Users\Daniel\AndroidStudioProjects\ReactionBuzz\app\build\intermediates\pre-dexed\debug\internal_impl-23.0.1-72a764ac692952b3a6c5760d3ed154e7fefe672b.jar C:\Users\Daniel\AndroidStudioProjects\ReactionBuzz\app\build\intermediates\pre-dexed\debug\classes-5e625dc1cace0fc8c004170a057f1244ecbec96b.jar C:\Users\Daniel\AndroidStudioProjects\ReactionBuzz\app\build\intermediates\pre-dexed\debug\classes-858925d1d5729c86ec618f93cd65569057dded26.jar
Launcher Type: SUN_STANDARD

Environment Variables:
PATH=C:\ProgramData\Oracle\Java\javapath;C:\Program Files (x86)\ActiveState Komodo Edit 8\;C:\Program Files (x86)\Intel\iCLS Client\;C:\Program Files\Intel\iCLS Client\;C:\WINDOWS\system32;C:\WINDOWS;C:\WINDOWS\System32\Wbem;C:\WINDOWS\System32\WindowsPowerShell\v1.0\;C:\Program Files (x86)\Windows Live\Shared;C:\Program Files (x86)\Intel\OpenCL SDK\2.0\bin\x86;C:\Program Files (x86)\Intel\OpenCL SDK\2.0\bin\x64;C:\Program Files\Intel\Intel(R) Management Engine Components\DAL;C:\Program Files\Intel\Intel(R) Management Engine Components\IPT;C:\Program Files (x86)\Intel\Intel(R) Management Engine Components\DAL;C:\Program Files (x86)\Intel\Intel(R) Management Engine Components\IPT;C:\Program Files\Intel\WiFi\bin\;C:\Program Files\Common Files\Intel\WirelessCommon\;C:\Program Files (x86)\NVIDIA Corporation\PhysX\Common;C:\Program Files (x86)\Skype\Phone\
USERNAME=Daniel
OS=Windows_NT
PROCESSOR_IDENTIFIER=Intel64 Family 6 Model 58 Stepping 9, GenuineIntel



---------------  S Y S T E M  ---------------

OS: Windows 8.1 , 64 bit Build 9600 

CPU:total 8 (4 cores per cpu, 2 threads per core) family 6 model 58 stepping 9, cmov, cx8, fxsr, mmx, sse, sse2, sse3, ssse3, sse4.1, sse4.2, popcnt, avx, aes, erms, ht, tsc, tscinvbit, tscinv

Memory: 4k page, physical 8271392k(1670584k free), swap 10341988k(5568k free)

vm_info: Java HotSpot(TM) 64-Bit Server VM (24.79-b02) for windows-amd64 JRE (1.7.0_79-b15), built on Apr 10 2015 12:36:16 by "java_re" with unknown MS VC++:1600

time: Sat Sep 26 18:37:15 2015
elapsed time: 0 seconds

